0 info it worked if it ends with ok
1 verbose cli [ '/Users/coding/.nvm/versions/node/v6.13.1/bin/node',
1 verbose cli   '/Users/coding/.nvm/versions/node/v6.13.1/bin/npm',
1 verbose cli   'run',
1 verbose cli   'seedDB' ]
2 info using npm@3.10.10
3 info using node@v6.13.1
4 verbose run-script [ 'preseedDB', 'seedDB', 'postseedDB' ]
5 info lifecycle @~preseedDB: @
6 silly lifecycle @~preseedDB: no script for preseedDB, continuing
7 info lifecycle @~seedDB: @
8 verbose lifecycle @~seedDB: unsafe-perm in lifecycle true
9 verbose lifecycle @~seedDB: PATH: /Users/coding/.nvm/versions/node/v6.13.1/lib/node_modules/npm/bin/node-gyp-bin:/Users/coding/Desktop/FEC-Kickstand/comments-module/hrsf105-front-end-capstone/node_modules/.bin:/Users/coding/.nvm/versions/node/v6.13.1/bin:/usr/local/opt/mysql@5.7/bin:/usr/local/opt/mysql@5.7/bin:/usr/local/bin:/usr/bin:/bin:/usr/sbin:/sbin:/opt/X11/bin:/Applications/Wireshark.app/Contents/MacOS
10 verbose lifecycle @~seedDB: CWD: /Users/coding/Desktop/FEC-Kickstand/comments-module/hrsf105-front-end-capstone
11 silly lifecycle @~seedDB: Args: [ '-c', 'node fakedatagenerator.js' ]
12 silly lifecycle @~seedDB: Returned: code: 1  signal: null
13 info lifecycle @~seedDB: Failed to exec seedDB script
14 verbose stack Error: @ seedDB: `node fakedatagenerator.js`
14 verbose stack Exit status 1
14 verbose stack     at EventEmitter.<anonymous> (/Users/coding/.nvm/versions/node/v6.13.1/lib/node_modules/npm/lib/utils/lifecycle.js:255:16)
14 verbose stack     at emitTwo (events.js:106:13)
14 verbose stack     at EventEmitter.emit (events.js:191:7)
14 verbose stack     at ChildProcess.<anonymous> (/Users/coding/.nvm/versions/node/v6.13.1/lib/node_modules/npm/lib/utils/spawn.js:40:14)
14 verbose stack     at emitTwo (events.js:106:13)
14 verbose stack     at ChildProcess.emit (events.js:191:7)
14 verbose stack     at maybeClose (internal/child_process.js:920:16)
14 verbose stack     at Process.ChildProcess._handle.onexit (internal/child_process.js:230:5)
15 verbose pkgid @
16 verbose cwd /Users/coding/Desktop/FEC-Kickstand/comments-module/hrsf105-front-end-capstone
17 error Darwin 17.7.0
18 error argv "/Users/coding/.nvm/versions/node/v6.13.1/bin/node" "/Users/coding/.nvm/versions/node/v6.13.1/bin/npm" "run" "seedDB"
19 error node v6.13.1
20 error npm  v3.10.10
21 error code ELIFECYCLE
22 error @ seedDB: `node fakedatagenerator.js`
22 error Exit status 1
23 error Failed at the @ seedDB script 'node fakedatagenerator.js'.
23 error Make sure you have the latest version of node.js and npm installed.
23 error If you do, this is most likely a problem with the  package,
23 error not with npm itself.
23 error Tell the author that this fails on your system:
23 error     node fakedatagenerator.js
23 error You can get information on how to open an issue for this project with:
23 error     npm bugs
23 error Or if that isn't available, you can get their info via:
23 error     npm owner ls
23 error There is likely additional logging output above.
24 verbose exit [ 1, true ]
